<?xml version="1.0" encoding="UTF-8"?>
<robot generator="Robot 4.1 (Python 3.8.2 on darwin)" generated="20210813 22:19:43.750" rpa="false" schemaversion="2">
<suite id="s1" name="Login" source="/Users/vanut/Desktop/Robot_Test_SET/login.robot">
<kw name="Open Browser" library="Selenium2Library" type="SETUP">
<arg>${URL}</arg>
<arg>${BROWSER}</arg>
<doc>Opens a new browser instance to the optional ``url``.</doc>
<msg timestamp="20210813 22:19:44.208" level="INFO">Opening browser 'Chrome' to base url 'https://www.set.or.th/'.</msg>
<status status="PASS" starttime="20210813 22:19:44.207" endtime="20210813 22:19:48.030"/>
</kw>
<test id="s1-t1" name="SET Login">
<kw name="Wait Until Element Is Visible" library="Selenium2Library">
<arg>${page_title}</arg>
<doc>Waits until the element ``locator`` is visible.</doc>
<status status="PASS" starttime="20210813 22:19:48.032" endtime="20210813 22:19:48.058"/>
</kw>
<kw name="Click Image" library="Selenium2Library">
<arg>${page_title}</arg>
<doc>Clicks an image identified by ``locator``.</doc>
<msg timestamp="20210813 22:19:48.059" level="INFO">Clicking image 'name=Image3'.</msg>
<status status="PASS" starttime="20210813 22:19:48.058" endtime="20210813 22:19:53.732"/>
</kw>
<kw name="Wait Until Element Is Visible" library="Selenium2Library">
<arg>${user}</arg>
<doc>Waits until the element ``locator`` is visible.</doc>
<status status="PASS" starttime="20210813 22:19:53.733" endtime="20210813 22:19:53.769"/>
</kw>
<kw name="Input Text" library="Selenium2Library">
<arg>${user}</arg>
<arg>${user_input}</arg>
<doc>Types the given ``text`` into the text field identified by ``locator``.</doc>
<msg timestamp="20210813 22:19:53.770" level="INFO">Typing text 'wanat.so.64@gmail.com' into text field 'id=txtLogin'.</msg>
<status status="PASS" starttime="20210813 22:19:53.769" endtime="20210813 22:19:53.965"/>
</kw>
<kw name="Wait Until Element Is Visible" library="Selenium2Library">
<arg>${password}</arg>
<doc>Waits until the element ``locator`` is visible.</doc>
<status status="PASS" starttime="20210813 22:19:53.965" endtime="20210813 22:19:53.985"/>
</kw>
<kw name="Input Text" library="Selenium2Library">
<arg>${password}</arg>
<arg>${password_input}</arg>
<doc>Types the given ``text`` into the text field identified by ``locator``.</doc>
<msg timestamp="20210813 22:19:53.986" level="INFO">Typing text 'Ce9b0000' into text field 'id=txtPassword'.</msg>
<status status="PASS" starttime="20210813 22:19:53.986" endtime="20210813 22:19:54.068"/>
</kw>
<kw name="Wait Until Element Is Visible" library="Selenium2Library">
<arg>${loginBt}</arg>
<doc>Waits until the element ``locator`` is visible.</doc>
<status status="PASS" starttime="20210813 22:19:54.068" endtime="20210813 22:19:54.086"/>
</kw>
<kw name="Click Element" library="Selenium2Library">
<arg>${loginBt}</arg>
<doc>Click the element identified by ``locator``.</doc>
<msg timestamp="20210813 22:19:54.087" level="INFO">Clicking element 'xpath=//input[@value='ลงชื่อเข้าใช้']'.</msg>
<status status="PASS" starttime="20210813 22:19:54.086" endtime="20210813 22:19:57.191"/>
</kw>
<kw name="Wait Until Element Is Visible" library="Selenium2Library">
<arg>${logoutBt}</arg>
<doc>Waits until the element ``locator`` is visible.</doc>
<status status="PASS" starttime="20210813 22:19:57.191" endtime="20210813 22:19:57.244"/>
</kw>
<kw name="Click Element" library="Selenium2Library">
<arg>${logoutBt}</arg>
<doc>Click the element identified by ``locator``.</doc>
<msg timestamp="20210813 22:19:57.245" level="INFO">Clicking element 'xpath=//a[contains(text(),'ออกจากระบบ')]'.</msg>
<status status="PASS" starttime="20210813 22:19:57.244" endtime="20210813 22:20:00.639"/>
</kw>
<status status="PASS" starttime="20210813 22:19:48.031" endtime="20210813 22:20:00.640"/>
</test>
<kw name="Close All Browsers" library="Selenium2Library" type="TEARDOWN">
<doc>Closes all open browsers and resets the browser cache.</doc>
<status status="PASS" starttime="20210813 22:20:00.642" endtime="20210813 22:20:00.843"/>
</kw>
<status status="PASS" starttime="20210813 22:19:43.752" endtime="20210813 22:20:00.843"/>
</suite>
<statistics>
<total>
<stat pass="1" fail="0" skip="0">All Tests</stat>
</total>
<tag>
</tag>
<suite>
<stat pass="1" fail="0" skip="0" id="s1" name="Login">Login</stat>
</suite>
</statistics>
<errors>
</errors>
</robot>
