<?xml version="1.0" encoding="UTF-8"?>
<robot generator="Robot 4.1 (Python 3.8.2 on darwin)" generated="20210813 22:14:41.480" rpa="false" schemaversion="2">
<suite id="s1" name="Login" source="/Users/vanut/Desktop/Robot_Test_SET/login.robot">
<kw name="Open Browser" library="Selenium2Library" type="SETUP">
<arg>${URL}</arg>
<arg>${BROWSER}</arg>
<doc>Opens a new browser instance to the optional ``url``.</doc>
<msg timestamp="20210813 22:14:41.926" level="INFO">Opening browser 'Chrome' to base url 'https://www.set.or.th/'.</msg>
<status status="PASS" starttime="20210813 22:14:41.925" endtime="20210813 22:14:44.723"/>
</kw>
<test id="s1-t1" name="SET Login">
<kw name="Wait Until Element Is Visible" library="Selenium2Library">
<arg>${page_title}</arg>
<doc>Waits until the element ``locator`` is visible.</doc>
<status status="PASS" starttime="20210813 22:14:44.725" endtime="20210813 22:14:45.214"/>
</kw>
<kw name="Click Image" library="Selenium2Library">
<arg>${page_title}</arg>
<doc>Clicks an image identified by ``locator``.</doc>
<msg timestamp="20210813 22:14:45.215" level="INFO">Clicking image 'name=Image3'.</msg>
<status status="PASS" starttime="20210813 22:14:45.214" endtime="20210813 22:14:45.322"/>
</kw>
<kw name="Wait Until Element Is Visible" library="Selenium2Library">
<arg>${user}</arg>
<doc>Waits until the element ``locator`` is visible.</doc>
<status status="PASS" starttime="20210813 22:14:45.323" endtime="20210813 22:14:45.611"/>
</kw>
<kw name="Input Text" library="Selenium2Library">
<arg>${user}</arg>
<arg>${user_input}</arg>
<doc>Types the given ``text`` into the text field identified by ``locator``.</doc>
<msg timestamp="20210813 22:14:45.612" level="INFO">Typing text 'wanat.so.64@gmail.com' into text field 'id=txtLogin'.</msg>
<status status="PASS" starttime="20210813 22:14:45.611" endtime="20210813 22:14:45.895"/>
</kw>
<kw name="Wait Until Element Is Visible" library="Selenium2Library">
<arg>${password}</arg>
<doc>Waits until the element ``locator`` is visible.</doc>
<status status="PASS" starttime="20210813 22:14:45.895" endtime="20210813 22:14:47.980"/>
</kw>
<kw name="Input Text" library="Selenium2Library">
<arg>${password}</arg>
<arg>${password_input}</arg>
<doc>Types the given ``text`` into the text field identified by ``locator``.</doc>
<msg timestamp="20210813 22:14:47.982" level="INFO">Typing text 'Ce9b0000' into text field 'id=txtPassword'.</msg>
<status status="PASS" starttime="20210813 22:14:47.981" endtime="20210813 22:14:48.081"/>
</kw>
<kw name="Click Element" library="Selenium2Library">
<arg>xpath=//input[@value='ลงชื่อเข้าใช้']</arg>
<doc>Click the element identified by ``locator``.</doc>
<msg timestamp="20210813 22:14:48.083" level="INFO">Clicking element 'xpath=//input[@value='ลงชื่อเข้าใช้']'.</msg>
<status status="PASS" starttime="20210813 22:14:48.082" endtime="20210813 22:14:48.138"/>
</kw>
<kw name="Wait Until Element Is Visible" library="Selenium2Library">
<arg>${logoutBt}</arg>
<doc>Waits until the element ``locator`` is visible.</doc>
<status status="PASS" starttime="20210813 22:14:48.138" endtime="20210813 22:14:53.719"/>
</kw>
<kw name="Click Element" library="Selenium2Library">
<arg>${logoutBt}</arg>
<doc>Click the element identified by ``locator``.</doc>
<msg timestamp="20210813 22:14:53.721" level="INFO">Clicking element 'xpath=//a[contains(text(),'ออกจากระบบ')]'.</msg>
<status status="PASS" starttime="20210813 22:14:53.720" endtime="20210813 22:14:59.582"/>
</kw>
<status status="PASS" starttime="20210813 22:14:44.723" endtime="20210813 22:14:59.583"/>
</test>
<kw name="Close All Browsers" library="Selenium2Library" type="TEARDOWN">
<doc>Closes all open browsers and resets the browser cache.</doc>
<status status="PASS" starttime="20210813 22:14:59.584" endtime="20210813 22:14:59.747"/>
</kw>
<status status="PASS" starttime="20210813 22:14:41.481" endtime="20210813 22:14:59.747"/>
</suite>
<statistics>
<total>
<stat pass="1" fail="0" skip="0">All Tests</stat>
</total>
<tag>
</tag>
<suite>
<stat pass="1" fail="0" skip="0" id="s1" name="Login">Login</stat>
</suite>
</statistics>
<errors>
</errors>
</robot>
